<?xml version="1.0" encoding="UTF-8"?>
<!-- Generated by org.testng.reporters.JUnitReportReporter -->
<testsuite hostname="Anu" failures="0" tests="1" name="testpackage.FbLoginTest" time="0.473" errors="0" timestamp="2024-11-21T12:42:52 IST" skipped="0">
  <testcase classname="testpackage.FbLoginTest" name="testLogin" time="0.473"/>
  <system-out/>
</testsuite> <!-- testpackage.FbLoginTest -->
